<?xml version="1.0" encoding="UTF-8"?>
<testng-results ignored="0" total="14" passed="5" failed="9" skipped="0">
  <reporter-output>
  </reporter-output>
  <suite started-at="2023-04-13T15:56:47 IST" name="Default suite" finished-at="2023-04-13T15:58:05 IST" duration-ms="77631">
    <groups>
      <group name="cucumber">
        <method signature="AbstractTestNGCucumberTests.runScenario(io.cucumber.testng.PickleWrapper,io.cucumber.testng.FeatureWrapper)[pri:0, instance:testRunner.GreenkartTestRunner@73eb439a]" name="runScenario" class="io.cucumber.testng.AbstractTestNGCucumberTests"/>
      </group> <!-- cucumber -->
    </groups>
    <test started-at="2023-04-13T15:56:47 IST" name="Default test" finished-at="2023-04-13T15:58:05 IST" duration-ms="77631">
      <class name="testRunner.GreenkartTestRunner">
        <test-method is-config="true" signature="setUpClass(org.testng.ITestContext)[pri:0, instance:testRunner.GreenkartTestRunner@73eb439a]" started-at="2023-04-13T15:56:47 IST" name="setUpClass" finished-at="2023-04-13T15:56:48 IST" duration-ms="940" status="PASS">
          <params>
            <param index="0">
              <value>
                <![CDATA[org.testng.TestRunner@47a7a101]]>
              </value>
            </param>
          </params>
          <reporter-output>
          </reporter-output>
        </test-method> <!-- setUpClass -->
        <test-method signature="runScenario(io.cucumber.testng.PickleWrapper,io.cucumber.testng.FeatureWrapper)[pri:0, instance:testRunner.GreenkartTestRunner@73eb439a]" started-at="2023-04-13T15:56:48 IST" name="runScenario" description="Runs Cucumber Scenarios" data-provider="scenarios" finished-at="2023-04-13T15:57:46 IST" duration-ms="57246" status="PASS">
          <params>
            <param index="0">
              <value>
                <![CDATA["Search a product and verify ability to place order"]]>
              </value>
            </param>
            <param index="1">
              <value>
                <![CDATA["Place the order for products"]]>
              </value>
            </param>
          </params>
          <reporter-output>
          </reporter-output>
        </test-method> <!-- runScenario -->
        <test-method signature="runScenario(io.cucumber.testng.PickleWrapper,io.cucumber.testng.FeatureWrapper)[pri:0, instance:testRunner.GreenkartTestRunner@73eb439a]" started-at="2023-04-13T15:56:48 IST" name="runScenario" description="Runs Cucumber Scenarios" data-provider="scenarios" finished-at="2023-04-13T15:57:46 IST" duration-ms="57127" status="FAIL">
          <params>
            <param index="0">
              <value>
                <![CDATA["Search experience for product search in both Home page and Offers page"]]>
              </value>
            </param>
            <param index="1">
              <value>
                <![CDATA["Search and place the order for the products"]]>
              </value>
            </param>
          </params>
          <exception class="java.lang.AssertionError">
            <message>
              <![CDATA[expected [Cucumber] but found [No data]]]>
            </message>
            <full-stacktrace>
              <![CDATA[java.lang.AssertionError: expected [Cucumber] but found [No data]
at org.testng.Assert.fail(Assert.java:110)
at org.testng.Assert.failNotEquals(Assert.java:1577)
at org.testng.Assert.assertEqualsImpl(Assert.java:149)
at org.testng.Assert.assertEquals(Assert.java:131)
at org.testng.Assert.assertEquals(Assert.java:655)
at org.testng.Assert.assertEquals(Assert.java:665)
at stepDefinitions.GreenkartOffersPageStepDefinitions.check_if_the_actual_product_name_is_same_in_both_homepage_and_offerspage(GreenkartOffersPageStepDefinitions.java:61)
at ✽.Check if the actual product name is same in both Homepage and Offerspage(file:///C:/Users/SwamiNaiduSeepana/Desktop/Workspace/CucumberPractice/src/test/java/features/GreenkartSearchProduct.feature:8)
]]>
            </full-stacktrace>
          </exception> <!-- java.lang.AssertionError -->
          <reporter-output>
          </reporter-output>
        </test-method> <!-- runScenario -->
        <test-method signature="runScenario(io.cucumber.testng.PickleWrapper,io.cucumber.testng.FeatureWrapper)[pri:0, instance:testRunner.GreenkartTestRunner@73eb439a]" started-at="2023-04-13T15:56:48 IST" name="runScenario" description="Runs Cucumber Scenarios" data-provider="scenarios" finished-at="2023-04-13T15:58:04 IST" duration-ms="76049" status="FAIL">
          <params>
            <param index="0">
              <value>
                <![CDATA["Search a product and verify ability to place order"]]>
              </value>
            </param>
            <param index="1">
              <value>
                <![CDATA["Place the order for products"]]>
              </value>
            </param>
          </params>
          <exception class="org.openqa.selenium.TimeoutException">
            <message>
              <![CDATA[Expected condition failed: waiting for visibility of element located by By.xpath: //h4[@class='product-name'] (tried for 30 second(s) with 500 milliseconds interval)
Build info: version: '4.8.3', revision: 'e5e76298c3'
System info: os.name: 'Windows 10', os.arch: 'amd64', os.version: '10.0', java.version: '17.0.6'
Driver info: org.openqa.selenium.edge.EdgeDriver
Capabilities {acceptInsecureCerts: false, browserName: msedge, browserVersion: 112.0.1722.39, ms:edgeOptions: {debuggerAddress: localhost:51358}, msedge: {msedgedriverVersion: 112.0.1722.39 (e40a520f851f..., userDataDir: C:\Users\SWAMIN~1\AppData\L...}, networkConnectionEnabled: false, pageLoadStrategy: normal, platformName: WINDOWS, proxy: Proxy(), se:cdp: ws://localhost:51358/devtoo..., se:cdpVersion: 112.0.1722.39, setWindowRect: true, strictFileInteractability: false, timeouts: {implicit: 0, pageLoad: 300000, script: 30000}, unhandledPromptBehavior: dismiss and notify, webauthn:extension:credBlob: true, webauthn:extension:largeBlob: true, webauthn:extension:minPinLength: true, webauthn:extension:prf: true, webauthn:virtualAuthenticators: true}
Session ID: 9c9d61059a835106335cf586a99ded7f]]>
            </message>
            <full-stacktrace>
              <![CDATA[org.openqa.selenium.TimeoutException: Expected condition failed: waiting for visibility of element located by By.xpath: //h4[@class='product-name'] (tried for 30 second(s) with 500 milliseconds interval)
Build info: version: '4.8.3', revision: 'e5e76298c3'
System info: os.name: 'Windows 10', os.arch: 'amd64', os.version: '10.0', java.version: '17.0.6'
Driver info: org.openqa.selenium.edge.EdgeDriver
Capabilities {acceptInsecureCerts: false, browserName: msedge, browserVersion: 112.0.1722.39, ms:edgeOptions: {debuggerAddress: localhost:51358}, msedge: {msedgedriverVersion: 112.0.1722.39 (e40a520f851f..., userDataDir: C:\Users\SWAMIN~1\AppData\L...}, networkConnectionEnabled: false, pageLoadStrategy: normal, platformName: WINDOWS, proxy: Proxy(), se:cdp: ws://localhost:51358/devtoo..., se:cdpVersion: 112.0.1722.39, setWindowRect: true, strictFileInteractability: false, timeouts: {implicit: 0, pageLoad: 300000, script: 30000}, unhandledPromptBehavior: dismiss and notify, webauthn:extension:credBlob: true, webauthn:extension:largeBlob: true, webauthn:extension:minPinLength: true, webauthn:extension:prf: true, webauthn:virtualAuthenticators: true}
Session ID: 9c9d61059a835106335cf586a99ded7f
at org.openqa.selenium.support.ui.WebDriverWait.timeoutException(WebDriverWait.java:87)
at org.openqa.selenium.support.ui.FluentWait.until(FluentWait.java:231)
at pageObjects.GreenkartHomePage.getProductName(GreenkartHomePage.java:31)
at stepDefinitions.GreenkartHomePageStepDefinitions.user_search_with_shortname_in_homepage_and_extracted_actual_name_of_the_product(GreenkartHomePageStepDefinitions.java:47)
at ✽.User search with shortname "tgom" in Homepage and extracted actual name of the product(file:///C:/Users/SwamiNaiduSeepana/Desktop/Workspace/CucumberPractice/src/test/java/features/GreenkartCheckOut.feature:6)
]]>
            </full-stacktrace>
          </exception> <!-- org.openqa.selenium.TimeoutException -->
          <reporter-output>
          </reporter-output>
        </test-method> <!-- runScenario -->
        <test-method signature="runScenario(io.cucumber.testng.PickleWrapper,io.cucumber.testng.FeatureWrapper)[pri:0, instance:testRunner.GreenkartTestRunner@73eb439a]" started-at="2023-04-13T15:56:48 IST" name="runScenario" description="Runs Cucumber Scenarios" data-provider="scenarios" finished-at="2023-04-13T15:57:45 IST" duration-ms="56215" status="PASS">
          <params>
            <param index="0">
              <value>
                <![CDATA["Search experience for product search in both Home page and Offers page"]]>
              </value>
            </param>
            <param index="1">
              <value>
                <![CDATA["Search and place the order for the products"]]>
              </value>
            </param>
          </params>
          <reporter-output>
          </reporter-output>
        </test-method> <!-- runScenario -->
        <test-method signature="runScenario(io.cucumber.testng.PickleWrapper,io.cucumber.testng.FeatureWrapper)[pri:0, instance:testRunner.GreenkartTestRunner@73eb439a]" started-at="2023-04-13T15:56:48 IST" name="runScenario" description="Runs Cucumber Scenarios" data-provider="scenarios" finished-at="2023-04-13T15:57:46 IST" duration-ms="57144" status="PASS">
          <params>
            <param index="0">
              <value>
                <![CDATA["Search experience for product search in both Home page and Offers page"]]>
              </value>
            </param>
            <param index="1">
              <value>
                <![CDATA["Search and place the order for the products"]]>
              </value>
            </param>
          </params>
          <reporter-output>
          </reporter-output>
        </test-method> <!-- runScenario -->
        <test-method signature="runScenario(io.cucumber.testng.PickleWrapper,io.cucumber.testng.FeatureWrapper)[pri:0, instance:testRunner.GreenkartTestRunner@73eb439a]" started-at="2023-04-13T15:56:48 IST" name="runScenario" description="Runs Cucumber Scenarios" data-provider="scenarios" finished-at="2023-04-13T15:57:46 IST" duration-ms="57144" status="PASS">
          <params>
            <param index="0">
              <value>
                <![CDATA["Search experience for product search in both Home page and Offers page"]]>
              </value>
            </param>
            <param index="1">
              <value>
                <![CDATA["Search and place the order for the products"]]>
              </value>
            </param>
          </params>
          <reporter-output>
          </reporter-output>
        </test-method> <!-- runScenario -->
        <test-method signature="runScenario(io.cucumber.testng.PickleWrapper,io.cucumber.testng.FeatureWrapper)[pri:0, instance:testRunner.GreenkartTestRunner@73eb439a]" started-at="2023-04-13T15:56:48 IST" name="runScenario" description="Runs Cucumber Scenarios" data-provider="scenarios" finished-at="2023-04-13T15:57:45 IST" duration-ms="56856" status="FAIL">
          <params>
            <param index="0">
              <value>
                <![CDATA["Search experience for product search in both Home page and Offers page"]]>
              </value>
            </param>
            <param index="1">
              <value>
                <![CDATA["Search and place the order for the products"]]>
              </value>
            </param>
          </params>
          <exception class="java.lang.AssertionError">
            <message>
              <![CDATA[expected [Beetroot] but found [No data]]]>
            </message>
            <full-stacktrace>
              <![CDATA[java.lang.AssertionError: expected [Beetroot] but found [No data]
at org.testng.Assert.fail(Assert.java:110)
at org.testng.Assert.failNotEquals(Assert.java:1577)
at org.testng.Assert.assertEqualsImpl(Assert.java:149)
at org.testng.Assert.assertEquals(Assert.java:131)
at org.testng.Assert.assertEquals(Assert.java:655)
at org.testng.Assert.assertEquals(Assert.java:665)
at stepDefinitions.GreenkartOffersPageStepDefinitions.check_if_the_actual_product_name_is_same_in_both_homepage_and_offerspage(GreenkartOffersPageStepDefinitions.java:61)
at ✽.Check if the actual product name is same in both Homepage and Offerspage(file:///C:/Users/SwamiNaiduSeepana/Desktop/Workspace/CucumberPractice/src/test/java/features/GreenkartSearchProduct.feature:8)
]]>
            </full-stacktrace>
          </exception> <!-- java.lang.AssertionError -->
          <reporter-output>
          </reporter-output>
        </test-method> <!-- runScenario -->
        <test-method signature="runScenario(io.cucumber.testng.PickleWrapper,io.cucumber.testng.FeatureWrapper)[pri:0, instance:testRunner.GreenkartTestRunner@73eb439a]" started-at="2023-04-13T15:56:48 IST" name="runScenario" description="Runs Cucumber Scenarios" data-provider="scenarios" finished-at="2023-04-13T15:58:00 IST" duration-ms="71477" status="FAIL">
          <params>
            <param index="0">
              <value>
                <![CDATA["Search experience for product search in both Home page and Offers page"]]>
              </value>
            </param>
            <param index="1">
              <value>
                <![CDATA["Search and place the order for the products"]]>
              </value>
            </param>
          </params>
          <exception class="java.lang.AssertionError">
            <message>
              <![CDATA[expected [Mushroom] but found [No data]]]>
            </message>
            <full-stacktrace>
              <![CDATA[java.lang.AssertionError: expected [Mushroom] but found [No data]
at org.testng.Assert.fail(Assert.java:110)
at org.testng.Assert.failNotEquals(Assert.java:1577)
at org.testng.Assert.assertEqualsImpl(Assert.java:149)
at org.testng.Assert.assertEquals(Assert.java:131)
at org.testng.Assert.assertEquals(Assert.java:655)
at org.testng.Assert.assertEquals(Assert.java:665)
at stepDefinitions.GreenkartOffersPageStepDefinitions.check_if_the_actual_product_name_is_same_in_both_homepage_and_offerspage(GreenkartOffersPageStepDefinitions.java:61)
at ✽.Check if the actual product name is same in both Homepage and Offerspage(file:///C:/Users/SwamiNaiduSeepana/Desktop/Workspace/CucumberPractice/src/test/java/features/GreenkartSearchProduct.feature:8)
]]>
            </full-stacktrace>
          </exception> <!-- java.lang.AssertionError -->
          <reporter-output>
          </reporter-output>
        </test-method> <!-- runScenario -->
        <test-method signature="runScenario(io.cucumber.testng.PickleWrapper,io.cucumber.testng.FeatureWrapper)[pri:0, instance:testRunner.GreenkartTestRunner@73eb439a]" started-at="2023-04-13T15:56:48 IST" name="runScenario" description="Runs Cucumber Scenarios" data-provider="scenarios" finished-at="2023-04-13T15:57:45 IST" duration-ms="56855" status="FAIL">
          <params>
            <param index="0">
              <value>
                <![CDATA["Search experience for product search in both Home page and Offers page"]]>
              </value>
            </param>
            <param index="1">
              <value>
                <![CDATA["Search and place the order for the products"]]>
              </value>
            </param>
          </params>
          <exception class="java.lang.AssertionError">
            <message>
              <![CDATA[expected [Water Melon] but found [No data]]]>
            </message>
            <full-stacktrace>
              <![CDATA[java.lang.AssertionError: expected [Water Melon] but found [No data]
at org.testng.Assert.fail(Assert.java:110)
at org.testng.Assert.failNotEquals(Assert.java:1577)
at org.testng.Assert.assertEqualsImpl(Assert.java:149)
at org.testng.Assert.assertEquals(Assert.java:131)
at org.testng.Assert.assertEquals(Assert.java:655)
at org.testng.Assert.assertEquals(Assert.java:665)
at stepDefinitions.GreenkartOffersPageStepDefinitions.check_if_the_actual_product_name_is_same_in_both_homepage_and_offerspage(GreenkartOffersPageStepDefinitions.java:61)
at ✽.Check if the actual product name is same in both Homepage and Offerspage(file:///C:/Users/SwamiNaiduSeepana/Desktop/Workspace/CucumberPractice/src/test/java/features/GreenkartSearchProduct.feature:8)
]]>
            </full-stacktrace>
          </exception> <!-- java.lang.AssertionError -->
          <reporter-output>
          </reporter-output>
        </test-method> <!-- runScenario -->
        <test-method signature="runScenario(io.cucumber.testng.PickleWrapper,io.cucumber.testng.FeatureWrapper)[pri:0, instance:testRunner.GreenkartTestRunner@73eb439a]" started-at="2023-04-13T15:56:48 IST" name="runScenario" description="Runs Cucumber Scenarios" data-provider="scenarios" finished-at="2023-04-13T15:57:45 IST" duration-ms="56248" status="FAIL">
          <params>
            <param index="0">
              <value>
                <![CDATA["Search experience for product search in both Home page and Offers page"]]>
              </value>
            </param>
            <param index="1">
              <value>
                <![CDATA["Search and place the order for the products"]]>
              </value>
            </param>
          </params>
          <exception class="java.lang.AssertionError">
            <message>
              <![CDATA[expected [Capsicum] but found [No data]]]>
            </message>
            <full-stacktrace>
              <![CDATA[java.lang.AssertionError: expected [Capsicum] but found [No data]
at org.testng.Assert.fail(Assert.java:110)
at org.testng.Assert.failNotEquals(Assert.java:1577)
at org.testng.Assert.assertEqualsImpl(Assert.java:149)
at org.testng.Assert.assertEquals(Assert.java:131)
at org.testng.Assert.assertEquals(Assert.java:655)
at org.testng.Assert.assertEquals(Assert.java:665)
at stepDefinitions.GreenkartOffersPageStepDefinitions.check_if_the_actual_product_name_is_same_in_both_homepage_and_offerspage(GreenkartOffersPageStepDefinitions.java:61)
at ✽.Check if the actual product name is same in both Homepage and Offerspage(file:///C:/Users/SwamiNaiduSeepana/Desktop/Workspace/CucumberPractice/src/test/java/features/GreenkartSearchProduct.feature:8)
]]>
            </full-stacktrace>
          </exception> <!-- java.lang.AssertionError -->
          <reporter-output>
          </reporter-output>
        </test-method> <!-- runScenario -->
        <test-method signature="runScenario(io.cucumber.testng.PickleWrapper,io.cucumber.testng.FeatureWrapper)[pri:0, instance:testRunner.GreenkartTestRunner@73eb439a]" started-at="2023-04-13T15:57:45 IST" name="runScenario" description="Runs Cucumber Scenarios" data-provider="scenarios" finished-at="2023-04-13T15:58:01 IST" duration-ms="16010" status="PASS">
          <params>
            <param index="0">
              <value>
                <![CDATA["Search experience for product search in both Home page and Offers page"]]>
              </value>
            </param>
            <param index="1">
              <value>
                <![CDATA["Search and place the order for the products"]]>
              </value>
            </param>
          </params>
          <reporter-output>
          </reporter-output>
        </test-method> <!-- runScenario -->
        <test-method signature="runScenario(io.cucumber.testng.PickleWrapper,io.cucumber.testng.FeatureWrapper)[pri:0, instance:testRunner.GreenkartTestRunner@73eb439a]" started-at="2023-04-13T15:57:45 IST" name="runScenario" description="Runs Cucumber Scenarios" data-provider="scenarios" finished-at="2023-04-13T15:58:01 IST" duration-ms="15965" status="FAIL">
          <params>
            <param index="0">
              <value>
                <![CDATA["Search experience for product search in both Home page and Offers page"]]>
              </value>
            </param>
            <param index="1">
              <value>
                <![CDATA["Search and place the order for the products"]]>
              </value>
            </param>
          </params>
          <exception class="java.lang.AssertionError">
            <message>
              <![CDATA[expected [Pista] but found [Pineapple]]]>
            </message>
            <full-stacktrace>
              <![CDATA[java.lang.AssertionError: expected [Pista] but found [Pineapple]
at org.testng.Assert.fail(Assert.java:110)
at org.testng.Assert.failNotEquals(Assert.java:1577)
at org.testng.Assert.assertEqualsImpl(Assert.java:149)
at org.testng.Assert.assertEquals(Assert.java:131)
at org.testng.Assert.assertEquals(Assert.java:655)
at org.testng.Assert.assertEquals(Assert.java:665)
at stepDefinitions.GreenkartOffersPageStepDefinitions.check_if_the_actual_product_name_is_same_in_both_homepage_and_offerspage(GreenkartOffersPageStepDefinitions.java:61)
at ✽.Check if the actual product name is same in both Homepage and Offerspage(file:///C:/Users/SwamiNaiduSeepana/Desktop/Workspace/CucumberPractice/src/test/java/features/GreenkartSearchProduct.feature:8)
]]>
            </full-stacktrace>
          </exception> <!-- java.lang.AssertionError -->
          <reporter-output>
          </reporter-output>
        </test-method> <!-- runScenario -->
        <test-method signature="runScenario(io.cucumber.testng.PickleWrapper,io.cucumber.testng.FeatureWrapper)[pri:0, instance:testRunner.GreenkartTestRunner@73eb439a]" started-at="2023-04-13T15:57:45 IST" name="runScenario" description="Runs Cucumber Scenarios" data-provider="scenarios" finished-at="2023-04-13T15:58:01 IST" duration-ms="15374" status="FAIL">
          <params>
            <param index="0">
              <value>
                <![CDATA["Search experience for product search in both Home page and Offers page"]]>
              </value>
            </param>
            <param index="1">
              <value>
                <![CDATA["Search and place the order for the products"]]>
              </value>
            </param>
          </params>
          <exception class="java.lang.AssertionError">
            <message>
              <![CDATA[expected [Walnuts] but found [No data]]]>
            </message>
            <full-stacktrace>
              <![CDATA[java.lang.AssertionError: expected [Walnuts] but found [No data]
at org.testng.Assert.fail(Assert.java:110)
at org.testng.Assert.failNotEquals(Assert.java:1577)
at org.testng.Assert.assertEqualsImpl(Assert.java:149)
at org.testng.Assert.assertEquals(Assert.java:131)
at org.testng.Assert.assertEquals(Assert.java:655)
at org.testng.Assert.assertEquals(Assert.java:665)
at stepDefinitions.GreenkartOffersPageStepDefinitions.check_if_the_actual_product_name_is_same_in_both_homepage_and_offerspage(GreenkartOffersPageStepDefinitions.java:61)
at ✽.Check if the actual product name is same in both Homepage and Offerspage(file:///C:/Users/SwamiNaiduSeepana/Desktop/Workspace/CucumberPractice/src/test/java/features/GreenkartSearchProduct.feature:8)
]]>
            </full-stacktrace>
          </exception> <!-- java.lang.AssertionError -->
          <reporter-output>
          </reporter-output>
        </test-method> <!-- runScenario -->
        <test-method signature="runScenario(io.cucumber.testng.PickleWrapper,io.cucumber.testng.FeatureWrapper)[pri:0, instance:testRunner.GreenkartTestRunner@73eb439a]" started-at="2023-04-13T15:57:45 IST" name="runScenario" description="Runs Cucumber Scenarios" data-provider="scenarios" finished-at="2023-04-13T15:58:00 IST" duration-ms="15232" status="FAIL">
          <params>
            <param index="0">
              <value>
                <![CDATA["Search experience for product search in both Home page and Offers page"]]>
              </value>
            </param>
            <param index="1">
              <value>
                <![CDATA["Search and place the order for the products"]]>
              </value>
            </param>
          </params>
          <exception class="java.lang.AssertionError">
            <message>
              <![CDATA[expected [Nuts Mixture] but found [No data]]]>
            </message>
            <full-stacktrace>
              <![CDATA[java.lang.AssertionError: expected [Nuts Mixture] but found [No data]
at org.testng.Assert.fail(Assert.java:110)
at org.testng.Assert.failNotEquals(Assert.java:1577)
at org.testng.Assert.assertEqualsImpl(Assert.java:149)
at org.testng.Assert.assertEquals(Assert.java:131)
at org.testng.Assert.assertEquals(Assert.java:655)
at org.testng.Assert.assertEquals(Assert.java:665)
at stepDefinitions.GreenkartOffersPageStepDefinitions.check_if_the_actual_product_name_is_same_in_both_homepage_and_offerspage(GreenkartOffersPageStepDefinitions.java:61)
at ✽.Check if the actual product name is same in both Homepage and Offerspage(file:///C:/Users/SwamiNaiduSeepana/Desktop/Workspace/CucumberPractice/src/test/java/features/GreenkartSearchProduct.feature:8)
]]>
            </full-stacktrace>
          </exception> <!-- java.lang.AssertionError -->
          <reporter-output>
          </reporter-output>
        </test-method> <!-- runScenario -->
        <test-method is-config="true" signature="tearDownClass()[pri:0, instance:testRunner.GreenkartTestRunner@73eb439a]" started-at="2023-04-13T15:58:04 IST" name="tearDownClass" finished-at="2023-04-13T15:58:05 IST" duration-ms="579" status="PASS">
          <reporter-output>
          </reporter-output>
        </test-method> <!-- tearDownClass -->
      </class> <!-- testRunner.GreenkartTestRunner -->
    </test> <!-- Default test -->
  </suite> <!-- Default suite -->
</testng-results>
